<?xml version="1.0" encoding="UTF-8"?>
<!-- Generated by org.testng.reporters.JUnitReportReporter -->
<testsuite hostname="PF00WYQS" name="com.web.project.TestCase" tests="2" failures="0" timestamp="7 Jun 2019 11:58:21 GMT" time="3.199" errors="0">
  <testcase name="f" time="0.218" classname="com.web.project.TestCase"/>
  <testcase name="testParameterWithXML" time="2.981" classname="com.web.project.TestCase"/>
</testsuite> <!-- com.web.project.TestCase -->
