<?xml version="1.0" encoding="UTF-8"?>
<!-- Generated by org.testng.reporters.JUnitReportReporter -->
<testsuite hostname="PF00WYQS" name="com.web.project.Parameters_TestNG" tests="1" failures="0" timestamp="7 Jun 2019 11:22:58 GMT" time="3.070" errors="0">
  <testcase name="testParameterWithXML" time="3.070" classname="com.web.project.Parameters_TestNG"/>
</testsuite> <!-- com.web.project.Parameters_TestNG -->
