<?xml version="1.0" encoding="UTF-8"?>
<!-- Generated by org.testng.reporters.JUnitReportReporter -->
<testsuite hostname="PF00WYQS" name="com.web.project.Test99GuruLogin" tests="1" failures="0" timestamp="10 Jun 2019 12:03:21 GMT" time="18.028" errors="0">
  <testcase name="test_Home_Page_Appear_Correct" time="18.028" classname="com.web.project.Test99GuruLogin"/>
</testsuite> <!-- com.web.project.Test99GuruLogin -->
